Command line:
   tb_MEM_data_isim_beh.exe
     -simmode  gui
     -simrunnum  0
     -socket  35148

Sat May  7 17:18:44 2016


 Elaboration Time: 0.1 sec

 Current Memory Usage: 135.606 Meg

 Total Signals          : 13
 Total Nets             : 8243
 Total Signal Drivers   : 7
 Total Blocks           : 5
 Total Primitive Blocks : 4
 Total Processes        : 4
 Total Traceable Variables  : 61
 Total Scalar Nets and Variables : 8899

** Failure:Simulation terminated
User(VHDL) Code Called Simulation Stop
In process tb_MEM_data.vhd:stim_proc 
 


** Failure:Simulation terminated
User(VHDL) Code Called Simulation Stop
In process tb_MEM_data.vhd:stim_proc 
 


 Total Simulation Time: 0.48 sec

 Current Memory Usage: 145.048 Meg

Sat May  7 17:19:38 2016

