Release 14.7 - xst P.20131013 (lin)
Copyright (c) 1995-2013 Xilinx, Inc.  All rights reserved.
--> 
Parameter TMPDIR set to xst/projnav.tmp


Total REAL time to Xst completion: 0.00 secs
Total CPU time to Xst completion: 0.06 secs
 
--> 
Parameter xsthdpdir set to xst


Total REAL time to Xst completion: 0.00 secs
Total CPU time to Xst completion: 0.06 secs
 
--> 
Reading design: IF_phase.prj

TABLE OF CONTENTS
  1) Synthesis Options Summary
  2) HDL Parsing
  3) HDL Elaboration
  4) HDL Synthesis
       4.1) HDL Synthesis Report
  5) Advanced HDL Synthesis
       5.1) Advanced HDL Synthesis Report
  6) Low Level Synthesis
  7) Partition Report
  8) Design Summary
       8.1) Primitive and Black Box Usage
       8.2) Device utilization summary
       8.3) Partition Resource Summary
       8.4) Timing Report
            8.4.1) Clock Information
            8.4.2) Asynchronous Control Signals Information
            8.4.3) Timing Summary
            8.4.4) Timing Details
            8.4.5) Cross Clock Domains Report


=========================================================================
*                      Synthesis Options Summary                        *
=========================================================================
---- Source Parameters
Input File Name                    : "IF_phase.prj"
Ignore Synthesis Constraint File   : NO

---- Target Parameters
Output File Name                   : "IF_phase"
Output Format                      : NGC
Target Device                      : xc7a100t-3-csg324

---- Source Options
Top Module Name                    : IF_phase
Automatic FSM Extraction           : YES
FSM Encoding Algorithm             : Auto
Safe Implementation                : No
FSM Style                          : LUT
RAM Extraction                     : Yes
RAM Style                          : Auto
ROM Extraction                     : Yes
Shift Register Extraction          : YES
ROM Style                          : Auto
Resource Sharing                   : YES
Asynchronous To Synchronous        : NO
Shift Register Minimum Size        : 2
Use DSP Block                      : Auto
Automatic Register Balancing       : No

---- Target Options
LUT Combining                      : Auto
Reduce Control Sets                : Auto
Add IO Buffers                     : YES
Global Maximum Fanout              : 100000
Add Generic Clock Buffer(BUFG)     : 32
Register Duplication               : YES
Optimize Instantiated Primitives   : NO
Use Clock Enable                   : Auto
Use Synchronous Set                : Auto
Use Synchronous Reset              : Auto
Pack IO Registers into IOBs        : Auto
Equivalent register Removal        : YES

---- General Options
Optimization Goal                  : Speed
Optimization Effort                : 1
Power Reduction                    : NO
Keep Hierarchy                     : No
Netlist Hierarchy                  : As_Optimized
RTL Output                         : Yes
Global Optimization                : AllClockNets
Read Cores                         : YES
Write Timing Constraints           : NO
Cross Clock Analysis               : NO
Hierarchy Separator                : /
Bus Delimiter                      : <>
Case Specifier                     : Maintain
Slice Utilization Ratio            : 100
BRAM Utilization Ratio             : 100
DSP48 Utilization Ratio            : 100
Auto BRAM Packing                  : NO
Slice Utilization Ratio Delta      : 5

=========================================================================


=========================================================================
*                          HDL Parsing                                  *
=========================================================================
Parsing VHDL file "/home/ctnguyen/Works/pipelineCPU/src/four_bits_CLA_adder.vhd" into library work
Parsing entity <four_bits_CLA_adder>.
Parsing architecture <Behavioral> of entity <four_bits_cla_adder>.
Parsing VHDL file "/home/ctnguyen/Works/pipelineCPU/src/carry_look_ahead_block.vhd" into library work
Parsing entity <carry_look_ahead_block>.
Parsing architecture <Behavioral> of entity <carry_look_ahead_block>.
Parsing VHDL file "/home/ctnguyen/Works/pipelineCPU/src/sixteen_bits_adder.vhd" into library work
Parsing entity <sixteen_bits_adder>.
Parsing architecture <Behavioral> of entity <sixteen_bits_adder>.
Parsing VHDL file "/home/ctnguyen/Works/pipelineCPU/src/globalConst.vhd" into library work
Parsing package <globalConst>.
Parsing package body <globalConst>.
Parsing VHDL file "/home/ctnguyen/Works/pipelineCPU/src/IF_phase.vhd" into library work
Parsing entity <IF_phase>.
Parsing architecture <Behavioral> of entity <if_phase>.

=========================================================================
*                            HDL Elaboration                            *
=========================================================================

Elaborating entity <IF_phase> (architecture <Behavioral>) from library <work>.

Elaborating entity <sixteen_bits_adder> (architecture <Behavioral>) from library <work>.

Elaborating entity <four_bits_CLA_adder> (architecture <Behavioral>) from library <work>.

Elaborating entity <carry_look_ahead_block> (architecture <Behavioral>) from library <work>.

=========================================================================
*                           HDL Synthesis                               *
=========================================================================

Synthesizing Unit <IF_phase>.
    Related source file is "/home/ctnguyen/Works/pipelineCPU/src/IF_phase.vhd".
INFO:Xst:3210 - "/home/ctnguyen/Works/pipelineCPU/src/IF_phase.vhd" line 42: Output port <over_flow> of the instance <pc_adder> is unconnected or connected to loadless signal.
INFO:Xst:3210 - "/home/ctnguyen/Works/pipelineCPU/src/IF_phase.vhd" line 42: Output port <carry_out> of the instance <pc_adder> is unconnected or connected to loadless signal.
    Found 48-bit register for signal <IF_DEC_REG>.
    Found 16-bit register for signal <pc>.
INFO:Xst:2774 - HDL ADVISOR - KEEP property attached to signal nx_pc may hinder XST clustering optimizations.
    Summary:
	inferred  64 D-type flip-flop(s).
	inferred   1 Multiplexer(s).
Unit <IF_phase> synthesized.

Synthesizing Unit <sixteen_bits_adder>.
    Related source file is "/home/ctnguyen/Works/pipelineCPU/src/sixteen_bits_adder.vhd".
    Summary:
	no macro.
Unit <sixteen_bits_adder> synthesized.

Synthesizing Unit <four_bits_CLA_adder>.
    Related source file is "/home/ctnguyen/Works/pipelineCPU/src/four_bits_CLA_adder.vhd".
    Summary:
Unit <four_bits_CLA_adder> synthesized.

Synthesizing Unit <carry_look_ahead_block>.
    Related source file is "/home/ctnguyen/Works/pipelineCPU/src/carry_look_ahead_block.vhd".
    Summary:
	no macro.
Unit <carry_look_ahead_block> synthesized.

=========================================================================
HDL Synthesis Report

Macro Statistics
# Registers                                            : 2
 16-bit register                                       : 1
 48-bit register                                       : 1
# Multiplexers                                         : 1
 16-bit 2-to-1 multiplexer                             : 1
# Xors                                                 : 32
 1-bit xor2                                            : 32

=========================================================================

=========================================================================
*                       Advanced HDL Synthesis                          *
=========================================================================


=========================================================================
Advanced HDL Synthesis Report

Macro Statistics
# Registers                                            : 64
 Flip-Flops                                            : 64
# Multiplexers                                         : 1
 16-bit 2-to-1 multiplexer                             : 1
# Xors                                                 : 32
 1-bit xor2                                            : 32

=========================================================================

=========================================================================
*                         Low Level Synthesis                           *
=========================================================================

Optimizing unit <IF_phase> ...

Mapping all equations...
Building and optimizing final netlist ...
Found area constraint ratio of 100 (+ 5) on block IF_phase, actual ratio is 0.

Final Macro Processing ...

=========================================================================
Final Register Report

Macro Statistics
# Registers                                            : 64
 Flip-Flops                                            : 64

=========================================================================

=========================================================================
*                           Partition Report                            *
=========================================================================

Partition Implementation Status
-------------------------------

  No Partitions were found in this design.

-------------------------------

=========================================================================
*                            Design Summary                             *
=========================================================================

Top Level Output File Name         : IF_phase.ngc

Primitive and Black Box Usage:
------------------------------
# BELS                             : 52
#      INV                         : 1
#      LUT2                        : 5
#      LUT3                        : 9
#      LUT4                        : 7
#      LUT5                        : 6
#      LUT6                        : 24
# FlipFlops/Latches                : 64
#      FDR                         : 64
# Clock Buffers                    : 1
#      BUFGP                       : 1
# IO Buffers                       : 114
#      IBUF                        : 50
#      OBUF                        : 64

Device utilization summary:
---------------------------

Selected Device : 7a100tcsg324-3 


Slice Logic Utilization: 
 Number of Slice Registers:              32  out of  126800     0%  
 Number of Slice LUTs:                   52  out of  63400     0%  
    Number used as Logic:                52  out of  63400     0%  

Slice Logic Distribution: 
 Number of LUT Flip Flop pairs used:     52
   Number with an unused Flip Flop:      20  out of     52    38%  
   Number with an unused LUT:             0  out of     52     0%  
   Number of fully used LUT-FF pairs:    32  out of     52    61%  
   Number of unique control sets:         1

IO Utilization: 
 Number of IOs:                         115
 Number of bonded IOBs:                 115  out of    210    54%  
    IOB Flip Flops/Latches:              32

Specific Feature Utilization:
 Number of BUFG/BUFGCTRLs:                1  out of     32     3%  

---------------------------
Partition Resource Summary:
---------------------------

  No Partitions were found in this design.

---------------------------


=========================================================================
Timing Report

NOTE: THESE TIMING NUMBERS ARE ONLY A SYNTHESIS ESTIMATE.
      FOR ACCURATE TIMING INFORMATION PLEASE REFER TO THE TRACE REPORT
      GENERATED AFTER PLACE-and-ROUTE.

Clock Information:
------------------
-----------------------------------+------------------------+-------+
Clock Signal                       | Clock buffer(FF name)  | Load  |
-----------------------------------+------------------------+-------+
clk                                | BUFGP                  | 64    |
-----------------------------------+------------------------+-------+

Asynchronous Control Signals Information:
----------------------------------------
No asynchronous control signals found in this design

Timing Summary:
---------------
Speed Grade: -3

   Minimum period: 1.700ns (Maximum Frequency: 588.097MHz)
   Minimum input arrival time before clock: 0.868ns
   Maximum output required time after clock: 0.728ns
   Maximum combinational path delay: No path found

Timing Details:
---------------
All values displayed in nanoseconds (ns)

=========================================================================
Timing constraint: Default period analysis for Clock 'clk'
  Clock period: 1.700ns (frequency: 588.097MHz)
  Total number of paths / destination ports: 272 / 32
-------------------------------------------------------------------------
Delay:               1.700ns (Levels of Logic = 2)
  Source:            pc_1 (FF)
  Destination:       pc_13 (FF)
  Source Clock:      clk rising
  Destination Clock: clk rising

  Data Path: pc_1 to pc_13
                                Gate     Net
    Cell:in->out      fanout   Delay   Delay  Logical Name (Net Name)
    ----------------------------------------  ------------
     FDR:C->Q             11   0.361   0.558  pc_1 (pc_1)
     LUT3:I0->O           16   0.097   0.580  pc_adder/CLA_block/C_OUT<2>_SW0 (N2)
     LUT6:I3->O            1   0.097   0.000  Mmux_br_addr[15]_nx_pc[15]_mux_0_OUT71 (br_addr[15]_nx_pc[15]_mux_0_OUT<15>)
     FDR:D                     0.008          pc_15
    ----------------------------------------
    Total                      1.700ns (0.563ns logic, 1.137ns route)
                                       (33.1% logic, 66.9% route)

=========================================================================
Timing constraint: Default OFFSET IN BEFORE for Clock 'clk'
  Total number of paths / destination ports: 128 / 112
-------------------------------------------------------------------------
Offset:              0.868ns (Levels of Logic = 2)
  Source:            pc_Src (PAD)
  Destination:       pc_3 (FF)
  Destination Clock: clk rising

  Data Path: pc_Src to pc_3
                                Gate     Net
    Cell:in->out      fanout   Delay   Delay  Logical Name (Net Name)
    ----------------------------------------  ------------
     IBUF:I->O            16   0.001   0.762  pc_Src_IBUF (pc_Src_IBUF)
     LUT6:I0->O            1   0.097   0.000  Mmux_br_addr[15]_nx_pc[15]_mux_0_OUT101 (br_addr[15]_nx_pc[15]_mux_0_OUT<3>)
     FDR:D                     0.008          pc_3
    ----------------------------------------
    Total                      0.868ns (0.106ns logic, 0.762ns route)
                                       (12.2% logic, 87.8% route)

=========================================================================
Timing constraint: Default OFFSET OUT AFTER for Clock 'clk'
  Total number of paths / destination ports: 64 / 64
-------------------------------------------------------------------------
Offset:              0.728ns (Levels of Logic = 1)
  Source:            pc_6 (FF)
  Destination:       pc<6> (PAD)
  Source Clock:      clk rising

  Data Path: pc_6 to pc<6>
                                Gate     Net
    Cell:in->out      fanout   Delay   Delay  Logical Name (Net Name)
    ----------------------------------------  ------------
     FDR:C->Q             20   0.361   0.367  pc_6 (pc_6)
     OBUF:I->O                 0.000          pc_6_OBUF (pc<6>)
    ----------------------------------------
    Total                      0.728ns (0.361ns logic, 0.367ns route)
                                       (49.6% logic, 50.4% route)

=========================================================================

Cross Clock Domains Report:
--------------------------

Clock to Setup on destination clock clk
---------------+---------+---------+---------+---------+
               | Src:Rise| Src:Fall| Src:Rise| Src:Fall|
Source Clock   |Dest:Rise|Dest:Rise|Dest:Fall|Dest:Fall|
---------------+---------+---------+---------+---------+
clk            |    1.700|         |         |         |
---------------+---------+---------+---------+---------+

=========================================================================


Total REAL time to Xst completion: 13.00 secs
Total CPU time to Xst completion: 9.62 secs
 
--> 


Total memory usage is 202268 kilobytes

Number of errors   :    0 (   0 filtered)
Number of warnings :    0 (   0 filtered)
Number of infos    :    3 (   0 filtered)

