Release 14.7 - xst P.20131013 (lin)
Copyright (c) 1995-2013 Xilinx, Inc.  All rights reserved.
--> 
Parameter TMPDIR set to xst/projnav.tmp


Total REAL time to Xst completion: 0.00 secs
Total CPU time to Xst completion: 0.07 secs
 
--> 
Parameter xsthdpdir set to xst


Total REAL time to Xst completion: 0.00 secs
Total CPU time to Xst completion: 0.07 secs
 
--> 
Reading design: MEM_data.prj

TABLE OF CONTENTS
  1) Synthesis Options Summary
  2) HDL Parsing
  3) HDL Elaboration
  4) HDL Synthesis
       4.1) HDL Synthesis Report
  5) Advanced HDL Synthesis
       5.1) Advanced HDL Synthesis Report
  6) Low Level Synthesis
  7) Partition Report
  8) Design Summary
       8.1) Primitive and Black Box Usage
       8.2) Device utilization summary
       8.3) Partition Resource Summary
       8.4) Timing Report
            8.4.1) Clock Information
            8.4.2) Asynchronous Control Signals Information
            8.4.3) Timing Summary
            8.4.4) Timing Details
            8.4.5) Cross Clock Domains Report


=========================================================================
*                      Synthesis Options Summary                        *
=========================================================================
---- Source Parameters
Input File Name                    : "MEM_data.prj"
Ignore Synthesis Constraint File   : NO

---- Target Parameters
Output File Name                   : "MEM_data"
Output Format                      : NGC
Target Device                      : xc7a100t-3-csg324

---- Source Options
Top Module Name                    : MEM_data
Automatic FSM Extraction           : YES
FSM Encoding Algorithm             : Auto
Safe Implementation                : No
FSM Style                          : LUT
RAM Extraction                     : Yes
RAM Style                          : Auto
ROM Extraction                     : Yes
Shift Register Extraction          : YES
ROM Style                          : Auto
Resource Sharing                   : YES
Asynchronous To Synchronous        : NO
Shift Register Minimum Size        : 2
Use DSP Block                      : Auto
Automatic Register Balancing       : No

---- Target Options
LUT Combining                      : Auto
Reduce Control Sets                : Auto
Add IO Buffers                     : YES
Global Maximum Fanout              : 100000
Add Generic Clock Buffer(BUFG)     : 32
Register Duplication               : YES
Optimize Instantiated Primitives   : NO
Use Clock Enable                   : Auto
Use Synchronous Set                : Auto
Use Synchronous Reset              : Auto
Pack IO Registers into IOBs        : Auto
Equivalent register Removal        : YES

---- General Options
Optimization Goal                  : Speed
Optimization Effort                : 1
Power Reduction                    : NO
Keep Hierarchy                     : No
Netlist Hierarchy                  : As_Optimized
RTL Output                         : Yes
Global Optimization                : AllClockNets
Read Cores                         : YES
Write Timing Constraints           : NO
Cross Clock Analysis               : NO
Hierarchy Separator                : /
Bus Delimiter                      : <>
Case Specifier                     : Maintain
Slice Utilization Ratio            : 100
BRAM Utilization Ratio             : 100
DSP48 Utilization Ratio            : 100
Auto BRAM Packing                  : NO
Slice Utilization Ratio Delta      : 5

=========================================================================


=========================================================================
*                          HDL Parsing                                  *
=========================================================================
Parsing VHDL file "/home/ctnguyen/Works/pipelineCPU/src/globalConst.vhd" into library work
Parsing package <globalConst>.
Parsing package body <globalConst>.
Parsing VHDL file "/home/ctnguyen/Works/pipelineCPU/src/MEM_data.vhd" into library work
Parsing entity <MEM_data>.
Parsing architecture <Behavioral> of entity <mem_data>.

=========================================================================
*                            HDL Elaboration                            *
=========================================================================

Elaborating entity <MEM_data> (architecture <Behavioral>) with generics from library <work>.

=========================================================================
*                           HDL Synthesis                               *
=========================================================================

Synthesizing Unit <MEM_data>.
    Related source file is "/home/ctnguyen/Works/pipelineCPU/src/MEM_data.vhd".
        size = 10
        width = 16
WARNING:Xst:647 - Input <write_addr> is never used. This port will be preserved and left unconnected if it belongs to a top-level block or it belongs to a sub-block and the hierarchy of this sub-block is preserved.
WARNING:Xst:647 - Input <read_addr<15:4>> is never used. This port will be preserved and left unconnected if it belongs to a top-level block or it belongs to a sub-block and the hierarchy of this sub-block is preserved.
WARNING:Xst:3035 - Index value(s) does not match array range for signal <data_mem>, simulation mismatch.
    Found 10x16-bit single-port RAM <Mram_data_mem> for signal <data_mem>.
    Found 16-bit register for signal <read_data>.
    Summary:
	inferred   1 RAM(s).
	inferred  16 D-type flip-flop(s).
Unit <MEM_data> synthesized.

=========================================================================
HDL Synthesis Report

Macro Statistics
# RAMs                                                 : 1
 10x16-bit single-port RAM                             : 1
# Registers                                            : 1
 16-bit register                                       : 1

=========================================================================

=========================================================================
*                       Advanced HDL Synthesis                          *
=========================================================================


Synthesizing (advanced) Unit <MEM_data>.
INFO:Xst:3231 - The small RAM <Mram_data_mem> will be implemented on LUTs in order to maximize performance and save block RAM resources. If you want to force its implementation on block, use option/constraint ram_style.
    -----------------------------------------------------------------------
    | ram_type           | Distributed                         |          |
    -----------------------------------------------------------------------
    | Port A                                                              |
    |     aspect ratio   | 10-word x 16-bit                    |          |
    |     clkA           | connected to signal <clk>           | fall     |
    |     weA            | connected to signal <write_en>      | high     |
    |     addrA          | connected to signal <read_addr>     |          |
    |     diA            | connected to signal <write_data>    |          |
    |     doA            | connected to internal node          |          |
    -----------------------------------------------------------------------
Unit <MEM_data> synthesized (advanced).

=========================================================================
Advanced HDL Synthesis Report

Macro Statistics
# RAMs                                                 : 1
 10x16-bit single-port distributed RAM                 : 1
# Registers                                            : 16
 Flip-Flops                                            : 16

=========================================================================

=========================================================================
*                         Low Level Synthesis                           *
=========================================================================

Optimizing unit <MEM_data> ...

Mapping all equations...
Building and optimizing final netlist ...
Found area constraint ratio of 100 (+ 5) on block MEM_data, actual ratio is 0.

Final Macro Processing ...

=========================================================================
Final Register Report

Macro Statistics
# Registers                                            : 16
 Flip-Flops                                            : 16

=========================================================================

=========================================================================
*                           Partition Report                            *
=========================================================================

Partition Implementation Status
-------------------------------

  No Partitions were found in this design.

-------------------------------

=========================================================================
*                            Design Summary                             *
=========================================================================

Top Level Output File Name         : MEM_data.ngc

Primitive and Black Box Usage:
------------------------------
# BELS                             : 3
#      GND                         : 1
#      INV                         : 2
# FlipFlops/Latches                : 16
#      FDR_1                       : 16
# RAMS                             : 16
#      RAM32X1S                    : 16
# Clock Buffers                    : 1
#      BUFGP                       : 1
# IO Buffers                       : 38
#      IBUF                        : 22
#      OBUF                        : 16

Device utilization summary:
---------------------------

Selected Device : 7a100tcsg324-3 


Slice Logic Utilization: 
 Number of Slice Registers:              16  out of  126800     0%  
 Number of Slice LUTs:                   18  out of  63400     0%  
    Number used as Logic:                 2  out of  63400     0%  
    Number used as Memory:               16  out of  19000     0%  
       Number used as RAM:               16

Slice Logic Distribution: 
 Number of LUT Flip Flop pairs used:     18
   Number with an unused Flip Flop:       2  out of     18    11%  
   Number with an unused LUT:             0  out of     18     0%  
   Number of fully used LUT-FF pairs:    16  out of     18    88%  
   Number of unique control sets:         1

IO Utilization: 
 Number of IOs:                          67
 Number of bonded IOBs:                  39  out of    210    18%  

Specific Feature Utilization:
 Number of BUFG/BUFGCTRLs:                1  out of     32     3%  

---------------------------
Partition Resource Summary:
---------------------------

  No Partitions were found in this design.

---------------------------


=========================================================================
Timing Report

NOTE: THESE TIMING NUMBERS ARE ONLY A SYNTHESIS ESTIMATE.
      FOR ACCURATE TIMING INFORMATION PLEASE REFER TO THE TRACE REPORT
      GENERATED AFTER PLACE-and-ROUTE.

Clock Information:
------------------
-----------------------------------+------------------------+-------+
Clock Signal                       | Clock buffer(FF name)  | Load  |
-----------------------------------+------------------------+-------+
clk                                | BUFGP                  | 32    |
-----------------------------------+------------------------+-------+

Asynchronous Control Signals Information:
----------------------------------------
No asynchronous control signals found in this design

Timing Summary:
---------------
Speed Grade: -3

   Minimum period: 1.149ns (Maximum Frequency: 870.095MHz)
   Minimum input arrival time before clock: 1.090ns
   Maximum output required time after clock: 0.643ns
   Maximum combinational path delay: No path found

Timing Details:
---------------
All values displayed in nanoseconds (ns)

=========================================================================
Timing constraint: Default period analysis for Clock 'clk'
  Clock period: 1.149ns (frequency: 870.095MHz)
  Total number of paths / destination ports: 16 / 16
-------------------------------------------------------------------------
Delay:               1.149ns (Levels of Logic = 0)
  Source:            Mram_data_mem1 (RAM)
  Destination:       read_data_0 (FF)
  Source Clock:      clk falling
  Destination Clock: clk falling

  Data Path: Mram_data_mem1 to read_data_0
                                Gate     Net
    Cell:in->out      fanout   Delay   Delay  Logical Name (Net Name)
    ----------------------------------------  ------------
     RAM32X1S:WCLK->O      1   0.862   0.279  Mram_data_mem1 (_n0012<0>)
     FDR_1:D                   0.008          read_data_0
    ----------------------------------------
    Total                      1.149ns (0.870ns logic, 0.279ns route)
                                       (75.7% logic, 24.3% route)

=========================================================================
Timing constraint: Default OFFSET IN BEFORE for Clock 'clk'
  Total number of paths / destination ports: 176 / 128
-------------------------------------------------------------------------
Offset:              1.090ns (Levels of Logic = 2)
  Source:            read_en (PAD)
  Destination:       read_data_0 (FF)
  Destination Clock: clk falling

  Data Path: read_en to read_data_0
                                Gate     Net
    Cell:in->out      fanout   Delay   Delay  Logical Name (Net Name)
    ----------------------------------------  ------------
     IBUF:I->O             1   0.001   0.279  read_en_IBUF (read_en_IBUF)
     INV:I->O             16   0.113   0.348  read_en_inv1_INV_0 (read_en_inv)
     FDR_1:R                   0.349          read_data_0
    ----------------------------------------
    Total                      1.090ns (0.463ns logic, 0.627ns route)
                                       (42.5% logic, 57.5% route)

=========================================================================
Timing constraint: Default OFFSET OUT AFTER for Clock 'clk'
  Total number of paths / destination ports: 16 / 16
-------------------------------------------------------------------------
Offset:              0.643ns (Levels of Logic = 1)
  Source:            read_data_15 (FF)
  Destination:       read_data<15> (PAD)
  Source Clock:      clk falling

  Data Path: read_data_15 to read_data<15>
                                Gate     Net
    Cell:in->out      fanout   Delay   Delay  Logical Name (Net Name)
    ----------------------------------------  ------------
     FDR_1:C->Q            1   0.364   0.279  read_data_15 (read_data_15)
     OBUF:I->O                 0.000          read_data_15_OBUF (read_data<15>)
    ----------------------------------------
    Total                      0.643ns (0.364ns logic, 0.279ns route)
                                       (56.6% logic, 43.4% route)

=========================================================================

Cross Clock Domains Report:
--------------------------

Clock to Setup on destination clock clk
---------------+---------+---------+---------+---------+
               | Src:Rise| Src:Fall| Src:Rise| Src:Fall|
Source Clock   |Dest:Rise|Dest:Rise|Dest:Fall|Dest:Fall|
---------------+---------+---------+---------+---------+
clk            |         |         |    1.149|         |
---------------+---------+---------+---------+---------+

=========================================================================


Total REAL time to Xst completion: 18.00 secs
Total CPU time to Xst completion: 10.61 secs
 
--> 


Total memory usage is 202084 kilobytes

Number of errors   :    0 (   0 filtered)
Number of warnings :    3 (   0 filtered)
Number of infos    :    1 (   0 filtered)

