--------------------------------------------------------------------------------
Release 14.7 Trace  (lin)
Copyright (c) 1995-2013 Xilinx, Inc.  All rights reserved.

/opt/Xilinx/14.7/ISE_DS/ISE/bin/lin/unwrapped/trce -intstyle ise -v 3 -s 3 -n 3
-fastpaths -xml MEM_Instruction.twx MEM_Instruction.ncd -o MEM_Instruction.twr
MEM_Instruction.pcf

Design file:              MEM_Instruction.ncd
Physical constraint file: MEM_Instruction.pcf
Device,package,speed:     xc7a100t,csg324,C,-3 (PRODUCTION 1.10 2013-10-13)
Report level:             verbose report

Environment Variable      Effect 
--------------------      ------ 
NONE                      No environment variables were set
--------------------------------------------------------------------------------

INFO:Timing:2698 - No timing constraints found, doing default enumeration.
INFO:Timing:3412 - To improve timing, see the Timing Closure User Guide (UG612).
INFO:Timing:2752 - To get complete path coverage, use the unconstrained paths 
   option. All paths that are not constrained will be reported in the 
   unconstrained paths section(s) of the report.
INFO:Timing:3339 - The clock-to-out numbers in this timing report are based on 
   a 50 Ohm transmission line loading model.  For the details of this model, 
   and for more information on accounting for different loading conditions, 
   please see the device datasheet.



Data Sheet report:
-----------------
All values displayed in nanoseconds (ns)

Pad to Pad
---------------+---------------+---------+
Source Pad     |Destination Pad|  Delay  |
---------------+---------------+---------+
addr<0>        |data_out<0>    |    5.376|
addr<1>        |data_out<0>    |    5.512|
addr<2>        |data_out<0>    |    5.434|
addr<3>        |data_out<0>    |    5.257|
addr<4>        |data_out<0>    |    5.202|
addr<5>        |data_out<0>    |    5.456|
addr<6>        |data_out<0>    |    5.204|
---------------+---------------+---------+


Analysis completed Sun May  1 20:28:32 2016 
--------------------------------------------------------------------------------

Trace Settings:
-------------------------
Trace Settings 

Peak Memory Usage: 396 MB



