Release 14.7 - xst P.20131013 (lin)
Copyright (c) 1995-2013 Xilinx, Inc.  All rights reserved.
--> 
Parameter TMPDIR set to xst/projnav.tmp


Total REAL time to Xst completion: 0.00 secs
Total CPU time to Xst completion: 0.10 secs
 
--> 
Parameter xsthdpdir set to xst


Total REAL time to Xst completion: 0.00 secs
Total CPU time to Xst completion: 0.10 secs
 
--> 
Reading design: register_file.prj

TABLE OF CONTENTS
  1) Synthesis Options Summary
  2) HDL Parsing
  3) HDL Elaboration
  4) HDL Synthesis
       4.1) HDL Synthesis Report
  5) Advanced HDL Synthesis
       5.1) Advanced HDL Synthesis Report
  6) Low Level Synthesis
  7) Partition Report
  8) Design Summary
       8.1) Primitive and Black Box Usage
       8.2) Device utilization summary
       8.3) Partition Resource Summary
       8.4) Timing Report
            8.4.1) Clock Information
            8.4.2) Asynchronous Control Signals Information
            8.4.3) Timing Summary
            8.4.4) Timing Details
            8.4.5) Cross Clock Domains Report


=========================================================================
*                      Synthesis Options Summary                        *
=========================================================================
---- Source Parameters
Input File Name                    : "register_file.prj"
Ignore Synthesis Constraint File   : NO

---- Target Parameters
Output File Name                   : "register_file"
Output Format                      : NGC
Target Device                      : xc7a100t-3-csg324

---- Source Options
Top Module Name                    : register_file
Automatic FSM Extraction           : YES
FSM Encoding Algorithm             : Auto
Safe Implementation                : No
FSM Style                          : LUT
RAM Extraction                     : Yes
RAM Style                          : Auto
ROM Extraction                     : Yes
Shift Register Extraction          : YES
ROM Style                          : Auto
Resource Sharing                   : YES
Asynchronous To Synchronous        : NO
Shift Register Minimum Size        : 2
Use DSP Block                      : Auto
Automatic Register Balancing       : No

---- Target Options
LUT Combining                      : Auto
Reduce Control Sets                : Auto
Add IO Buffers                     : YES
Global Maximum Fanout              : 100000
Add Generic Clock Buffer(BUFG)     : 32
Register Duplication               : YES
Optimize Instantiated Primitives   : NO
Use Clock Enable                   : Auto
Use Synchronous Set                : Auto
Use Synchronous Reset              : Auto
Pack IO Registers into IOBs        : Auto
Equivalent register Removal        : YES

---- General Options
Optimization Goal                  : Speed
Optimization Effort                : 1
Power Reduction                    : NO
Keep Hierarchy                     : No
Netlist Hierarchy                  : As_Optimized
RTL Output                         : Yes
Global Optimization                : AllClockNets
Read Cores                         : YES
Write Timing Constraints           : NO
Cross Clock Analysis               : NO
Hierarchy Separator                : /
Bus Delimiter                      : <>
Case Specifier                     : Maintain
Slice Utilization Ratio            : 100
BRAM Utilization Ratio             : 100
DSP48 Utilization Ratio            : 100
Auto BRAM Packing                  : NO
Slice Utilization Ratio Delta      : 5

=========================================================================


=========================================================================
*                          HDL Parsing                                  *
=========================================================================
Parsing VHDL file "/home/ctnguyen/Works/pipelineCPU/src/register_file.vhd" into library work
Parsing entity <register_file>.
Parsing architecture <Behavioral> of entity <register_file>.

=========================================================================
*                            HDL Elaboration                            *
=========================================================================

Elaborating entity <register_file> (architecture <Behavioral>) from library <work>.
WARNING:HDLCompiler:92 - "/home/ctnguyen/Works/pipelineCPU/src/register_file.vhd" Line 47: regfile should be on the sensitivity list of the process
WARNING:HDLCompiler:92 - "/home/ctnguyen/Works/pipelineCPU/src/register_file.vhd" Line 48: regfile should be on the sensitivity list of the process

=========================================================================
*                           HDL Synthesis                               *
=========================================================================

Synthesizing Unit <register_file>.
    Related source file is "/home/ctnguyen/Works/pipelineCPU/src/register_file.vhd".
    Found 16-bit register for signal <regFile<1>>.
    Found 16-bit register for signal <regFile<2>>.
    Found 16-bit register for signal <regFile<3>>.
    Found 16-bit register for signal <regFile<4>>.
    Found 16-bit register for signal <regFile<5>>.
    Found 16-bit register for signal <regFile<6>>.
    Found 16-bit register for signal <regFile<7>>.
    Found 16-bit register for signal <regFile<8>>.
    Found 16-bit register for signal <regFile<9>>.
    Found 16-bit register for signal <regFile<10>>.
    Found 16-bit register for signal <regFile<11>>.
    Found 16-bit register for signal <regFile<12>>.
    Found 16-bit register for signal <regFile<13>>.
    Found 16-bit register for signal <regFile<14>>.
    Found 16-bit register for signal <regFile<15>>.
    Found 16-bit register for signal <regFile<16>>.
    Found 16-bit register for signal <regFile<17>>.
    Found 16-bit register for signal <regFile<18>>.
    Found 16-bit register for signal <regFile<19>>.
    Found 16-bit register for signal <regFile<20>>.
    Found 16-bit register for signal <regFile<21>>.
    Found 16-bit register for signal <regFile<22>>.
    Found 16-bit register for signal <regFile<23>>.
    Found 16-bit register for signal <regFile<24>>.
    Found 16-bit register for signal <regFile<25>>.
    Found 16-bit register for signal <regFile<26>>.
    Found 16-bit register for signal <regFile<27>>.
    Found 16-bit register for signal <regFile<28>>.
    Found 16-bit register for signal <regFile<29>>.
    Found 16-bit register for signal <regFile<30>>.
    Found 16-bit register for signal <regFile<31>>.
    Found 16-bit register for signal <regFile<0>>.
INFO:Xst:3019 - HDL ADVISOR - 512 flip-flops were inferred for signal <regFile>. You may be trying to describe a RAM in a way that is incompatible with block and distributed RAM resources available on Xilinx devices, or with a specific template that is not supported. Please review the Xilinx resources documentation and the XST user manual for coding guidelines. Taking advantage of RAM resources will lead to improved device usage and reduced synthesis time.
INFO:Xst:3019 - HDL ADVISOR - 512 flip-flops were inferred for signal <regFile>. You may be trying to describe a RAM in a way that is incompatible with block and distributed RAM resources available on Xilinx devices, or with a specific template that is not supported. Please review the Xilinx resources documentation and the XST user manual for coding guidelines. Taking advantage of RAM resources will lead to improved device usage and reduced synthesis time.
    Found 16-bit 32-to-1 multiplexer for signal <read_rs_index[4]_regFile[31][15]_wide_mux_0_OUT> created at line 47.
    Found 16-bit 32-to-1 multiplexer for signal <read_rt_index[4]_regFile[31][15]_wide_mux_1_OUT> created at line 48.
    Summary:
	inferred 512 D-type flip-flop(s).
	inferred   4 Multiplexer(s).
Unit <register_file> synthesized.

=========================================================================
HDL Synthesis Report

Macro Statistics
# Registers                                            : 32
 16-bit register                                       : 32
# Multiplexers                                         : 4
 16-bit 2-to-1 multiplexer                             : 2
 16-bit 32-to-1 multiplexer                            : 2

=========================================================================

=========================================================================
*                       Advanced HDL Synthesis                          *
=========================================================================


=========================================================================
Advanced HDL Synthesis Report

Macro Statistics
# Registers                                            : 512
 Flip-Flops                                            : 512
# Multiplexers                                         : 34
 1-bit 32-to-1 multiplexer                             : 32
 16-bit 2-to-1 multiplexer                             : 2

=========================================================================

=========================================================================
*                         Low Level Synthesis                           *
=========================================================================

Optimizing unit <register_file> ...

Mapping all equations...
Building and optimizing final netlist ...
Found area constraint ratio of 100 (+ 5) on block register_file, actual ratio is 1.

Final Macro Processing ...

=========================================================================
Final Register Report

Macro Statistics
# Registers                                            : 512
 Flip-Flops                                            : 512

=========================================================================

=========================================================================
*                           Partition Report                            *
=========================================================================

Partition Implementation Status
-------------------------------

  No Partitions were found in this design.

-------------------------------

=========================================================================
*                            Design Summary                             *
=========================================================================

Top Level Output File Name         : register_file.ngc

Primitive and Black Box Usage:
------------------------------
# BELS                             : 416
#      LUT2                        : 32
#      LUT6                        : 352
#      MUXF7                       : 32
# FlipFlops/Latches                : 512
#      FDRE_1                      : 512
# Clock Buffers                    : 1
#      BUFGP                       : 1
# IO Buffers                       : 65
#      IBUF                        : 33
#      OBUF                        : 32

Device utilization summary:
---------------------------

Selected Device : 7a100tcsg324-3 


Slice Logic Utilization: 
 Number of Slice Registers:             512  out of  126800     0%  
 Number of Slice LUTs:                  384  out of  63400     0%  
    Number used as Logic:               384  out of  63400     0%  

Slice Logic Distribution: 
 Number of LUT Flip Flop pairs used:    608
   Number with an unused Flip Flop:      96  out of    608    15%  
   Number with an unused LUT:           224  out of    608    36%  
   Number of fully used LUT-FF pairs:   288  out of    608    47%  
   Number of unique control sets:        32

IO Utilization: 
 Number of IOs:                          66
 Number of bonded IOBs:                  66  out of    210    31%  

Specific Feature Utilization:
 Number of BUFG/BUFGCTRLs:                1  out of     32     3%  

---------------------------
Partition Resource Summary:
---------------------------

  No Partitions were found in this design.

---------------------------


=========================================================================
Timing Report

NOTE: THESE TIMING NUMBERS ARE ONLY A SYNTHESIS ESTIMATE.
      FOR ACCURATE TIMING INFORMATION PLEASE REFER TO THE TRACE REPORT
      GENERATED AFTER PLACE-and-ROUTE.

Clock Information:
------------------
-----------------------------------+------------------------+-------+
Clock Signal                       | Clock buffer(FF name)  | Load  |
-----------------------------------+------------------------+-------+
clk                                | BUFGP                  | 512   |
-----------------------------------+------------------------+-------+

Asynchronous Control Signals Information:
----------------------------------------
No asynchronous control signals found in this design

Timing Summary:
---------------
Speed Grade: -3

   Minimum period: No path found
   Minimum input arrival time before clock: 1.341ns
   Maximum output required time after clock: 2.625ns
   Maximum combinational path delay: 2.517ns

Timing Details:
---------------
All values displayed in nanoseconds (ns)

=========================================================================
Timing constraint: Default OFFSET IN BEFORE for Clock 'clk'
  Total number of paths / destination ports: 4096 / 1536
-------------------------------------------------------------------------
Offset:              1.341ns (Levels of Logic = 2)
  Source:            write_index<0> (PAD)
  Destination:       regFile_3_0 (FF)
  Destination Clock: clk falling

  Data Path: write_index<0> to regFile_3_0
                                Gate     Net
    Cell:in->out      fanout   Delay   Delay  Logical Name (Net Name)
    ----------------------------------------  ------------
     IBUF:I->O            32   0.001   0.800  write_index_0_IBUF (write_index_0_IBUF)
     LUT6:I0->O           16   0.097   0.348  _n0274_inv1 (_n0274_inv)
     FDRE_1:CE                 0.095          regFile_1_0
    ----------------------------------------
    Total                      1.341ns (0.193ns logic, 1.148ns route)
                                       (14.4% logic, 85.6% route)

=========================================================================
Timing constraint: Default OFFSET OUT AFTER for Clock 'clk'
  Total number of paths / destination ports: 1024 / 32
-------------------------------------------------------------------------
Offset:              2.625ns (Levels of Logic = 5)
  Source:            regFile_26_15 (FF)
  Destination:       read_data_1<15> (PAD)
  Source Clock:      clk falling

  Data Path: regFile_26_15 to read_data_1<15>
                                Gate     Net
    Cell:in->out      fanout   Delay   Delay  Logical Name (Net Name)
    ----------------------------------------  ------------
     FDRE_1:C->Q           2   0.364   0.561  regFile_26_15 (regFile_26_15)
     LUT6:I2->O            1   0.097   0.556  mux6_81 (mux6_81)
     LUT6:I2->O            1   0.097   0.000  mux6_3 (mux6_3)
     MUXF7:I1->O           1   0.279   0.295  mux6_2_f7 (read_rs_index[4]_regFile[31][15]_wide_mux_0_OUT<15>)
     LUT2:I1->O            1   0.097   0.279  Mmux_read_data_171 (read_data_1_15_OBUF)
     OBUF:I->O                 0.000          read_data_1_15_OBUF (read_data_1<15>)
    ----------------------------------------
    Total                      2.625ns (0.934ns logic, 1.691ns route)
                                       (35.6% logic, 64.4% route)

=========================================================================
Timing constraint: Default path analysis
  Total number of paths / destination ports: 704 / 32
-------------------------------------------------------------------------
Delay:               2.517ns (Levels of Logic = 6)
  Source:            read_rs_index<1> (PAD)
  Destination:       read_data_1<15> (PAD)

  Data Path: read_rs_index<1> to read_data_1<15>
                                Gate     Net
    Cell:in->out      fanout   Delay   Delay  Logical Name (Net Name)
    ----------------------------------------  ------------
     IBUF:I->O           128   0.001   0.815  read_rs_index_1_IBUF (read_rs_index_1_IBUF)
     LUT6:I0->O            1   0.097   0.556  mux_81 (mux_81)
     LUT6:I2->O            1   0.097   0.000  mux_3 (mux_3)
     MUXF7:I1->O           1   0.279   0.295  mux_2_f7 (read_rs_index[4]_regFile[31][15]_wide_mux_0_OUT<0>)
     LUT2:I1->O            1   0.097   0.279  Mmux_read_data_111 (read_data_1_0_OBUF)
     OBUF:I->O                 0.000          read_data_1_0_OBUF (read_data_1<0>)
    ----------------------------------------
    Total                      2.517ns (0.571ns logic, 1.946ns route)
                                       (22.7% logic, 77.3% route)

=========================================================================

Cross Clock Domains Report:
--------------------------

=========================================================================


Total REAL time to Xst completion: 21.00 secs
Total CPU time to Xst completion: 17.50 secs
 
--> 


Total memory usage is 202900 kilobytes

Number of errors   :    0 (   0 filtered)
Number of warnings :    2 (   0 filtered)
Number of infos    :    2 (   0 filtered)

