Command line:
   tb_MEM_Instruction_isim_beh.exe
     -simmode  gui
     -simrunnum  0
     -socket  34737

Sun May  8 13:40:04 2016


 Elaboration Time: 0.08 sec

 Current Memory Usage: 132.788 Meg

 Total Signals          : 4
 Total Nets             : 48
 Total Signal Drivers   : 2
 Total Blocks           : 6
 Total Primitive Blocks : 5
 Total Processes        : 2
 Total Traceable Variables  : 22
 Total Scalar Nets and Variables : 1404

** Failure:Simulation Successful
User(VHDL) Code Called Simulation Stop
In process tb_MEM_Instruction.vhd:stim_proc 
 


 Total Simulation Time: 0.09 sec

 Current Memory Usage: 142.23 Meg

Sun May  8 13:40:09 2016

