Command line:
   tb_IF_phase_isim_beh.exe
     -simmode  gui
     -simrunnum  0
     -socket  54793

Sun May  1 18:56:02 2016


 Elaboration Time: 0.1 sec

 Current Memory Usage: 132.776 Meg

 Total Signals          : 68
 Total Nets             : 210
 Total Signal Drivers   : 81
 Total Blocks           : 11
 Total Primitive Blocks : 8
 Total Processes        : 78
 Total Traceable Variables  : 59
 Total Scalar Nets and Variables : 864

** Failure:Simulation Successful
User(VHDL) Code Called Simulation Stop
In process tb_IF_phase.vhd:stim_proc 
 


** Failure:Simulation Successful
User(VHDL) Code Called Simulation Stop
In process tb_IF_phase.vhd:stim_proc 
 


 Total Simulation Time: 0.11 sec

 Current Memory Usage: 142.217 Meg

Sun May  1 18:56:44 2016

