Command line:
   tb_ALU_wrapper_isim_beh.exe
     -simmode  gui
     -simrunnum  1
     -socket  54746

Sun May  1 14:29:47 2016


 Elaboration Time: 0.1 sec

 Current Memory Usage: 132.784 Meg

 Total Signals          : 86
 Total Nets             : 186
 Total Signal Drivers   : 88
 Total Blocks           : 14
 Total Primitive Blocks : 10
 Total Processes        : 86
 Total Traceable Variables  : 56
 Total Scalar Nets and Variables : 837

** Failure:Simulation Successful
User(VHDL) Code Called Simulation Stop
In process tb_ALU_wrapper.vhd:stim_proc 
 


 Total Simulation Time: 0.12 sec

 Current Memory Usage: 142.225 Meg

Sun May  1 14:30:29 2016

