Command line:
   tb_EX_phase_isim_beh.exe
     -simmode  gui
     -simrunnum  0
     -socket  42311

Sun May  1 16:49:30 2016


 Elaboration Time: 0.1 sec

 Current Memory Usage: 132.927 Meg

 Total Signals          : 156
 Total Nets             : 489
 Total Signal Drivers   : 175
 Total Blocks           : 21
 Total Primitive Blocks : 15
 Total Processes        : 174
 Total Traceable Variables  : 57
 Total Scalar Nets and Variables : 1141

** Failure:Simulation Successful
User(VHDL) Code Called Simulation Stop
In process tb_EX_phase.vhd:stim_proc 
 


** Failure:Simulation Successful
User(VHDL) Code Called Simulation Stop
In process tb_EX_phase.vhd:stim_proc 
 


 Total Simulation Time: 0.11 sec

 Current Memory Usage: 142.369 Meg

Sun May  1 16:50:30 2016

