Command line:
   tb_DEC_phase_isim_beh.exe
     -simmode  gui
     -simrunnum  0
     -socket  57827

Sun May  1 17:43:22 2016


 Elaboration Time: 0.1 sec

 Current Memory Usage: 132.78 Meg

 Total Signals          : 39
 Total Nets             : 755
 Total Signal Drivers   : 20
 Total Blocks           : 6
 Total Primitive Blocks : 4
 Total Processes        : 12
 Total Traceable Variables  : 59
 Total Scalar Nets and Variables : 1409

** Failure:Simulation Successful
User(VHDL) Code Called Simulation Stop
In process tb_DEC_phase.vhd:stim_proc 
 


** Failure:Simulation Successful
User(VHDL) Code Called Simulation Stop
In process tb_DEC_phase.vhd:stim_proc 
 


 Total Simulation Time: 0.11 sec

 Current Memory Usage: 142.221 Meg

Sun May  1 17:43:54 2016

